{
  "RSpec": {
    "coverage": {
      "/Users/VajraCreations/rails_projects/tibdirectory/app/helpers/application_helper.rb": [
        1,
        null
      ],
      "/Users/VajraCreations/rails_projects/tibdirectory/app/controllers/listings_controller.rb": [
        1,
        null,
        1,
        null,
        null,
        1,
        1,
        null,
        null,
        null
      ],
      "/Users/VajraCreations/rails_projects/tibdirectory/app/controllers/application_controller.rb": [
        1,
        null,
        null,
        1,
        null
      ],
      "/Users/VajraCreations/rails_projects/tibdirectory/app/models/listing.rb": [
        1,
        null
      ]
    },
    "timestamp": 1406387246
  }
}
